TN:
SF:/home/oed/code/uport-identity/contracts/IdentityFactory.sol
FN:15,CreateProxyWithControllerAndRecovery
FNF:1
FNH:1
FNDA:1,CreateProxyWithControllerAndRecovery
DA:16,1
DA:17,1
DA:18,1
DA:19,1
DA:20,1
DA:22,1
DA:23,1
LF:7
LH:7
BRF:0
BRH:0
end_of_record
TN:
SF:/home/oed/code/uport-identity/contracts/IdentityFactoryWithRecoveryKey.sol
FN:16,CreateProxyWithControllerAndRecoveryKey
FNF:1
FNH:1
FNDA:1,CreateProxyWithControllerAndRecoveryKey
DA:17,1
DA:18,1
DA:19,1
DA:20,1
DA:22,1
DA:23,1
DA:24,1
LF:7
LH:7
BRF:0
BRH:0
end_of_record
TN:
SF:/home/oed/code/uport-identity/contracts/IdentityManager.sol
FN:58,onlyAuthorized
FN:63,onlyOwner
FN:68,onlyOlderOwner
FN:73,onlyRecovery
FN:78,rateLimited
FN:85,validRecovery
FN:95,IdentityManager
FN:106,createIdentity
FN:117,registerIdentity
FN:125,forwardTo
FN:133,addOwner
FN:143,addOwnerFromRecovery
FN:154,removeOwner
FN:164,changeRecovery
FN:175,initiateMigration
FN:185,cancelMigration
FN:193,finalizeMigration
FN:204,checkMessageData
FNF:18
FNH:18
FNDA:134,onlyAuthorized
FNDA:25,onlyOwner
FNDA:93,onlyOlderOwner
FNDA:15,onlyRecovery
FNDA:77,rateLimited
FNDA:69,validRecovery
FNDA:46,IdentityManager
FNDA:61,createIdentity
FNDA:2,registerIdentity
FNDA:14,forwardTo
FNDA:38,addOwner
FNDA:13,addOwnerFromRecovery
FNDA:6,removeOwner
FNDA:6,changeRecovery
FNDA:11,initiateMigration
FNDA:4,cancelMigration
FNDA:4,finalizeMigration
FNDA:69,checkMessageData
DA:59,134
DA:64,25
DA:69,93
DA:74,15
DA:79,77
DA:80,63
DA:81,63
DA:86,69
DA:96,46
DA:97,46
DA:98,46
DA:99,46
DA:107,61
DA:109,61
DA:110,61
DA:120,2
DA:121,2
DA:129,14
DA:138,38
DA:139,38
DA:148,13
DA:149,13
DA:150,13
DA:159,6
DA:160,6
DA:170,6
DA:171,6
DA:179,11
DA:180,11
DA:181,11
DA:186,4
DA:187,4
DA:194,4
DA:195,4
DA:196,4
DA:197,4
DA:198,4
DA:205,69
DA:206,69
LF:39
LH:39
BRDA:59,1,0,133
BRDA:59,1,1,1
BRDA:64,2,0,18
BRDA:64,2,1,7
BRDA:69,3,0,77
BRDA:69,3,1,16
BRDA:74,4,0,15
BRDA:74,4,1,0
BRDA:79,5,0,63
BRDA:79,5,1,14
BRDA:86,6,0,69
BRDA:86,6,1,0
BRDA:118,7,0,0
BRDA:118,7,1,2
BRDA:148,8,0,0
BRDA:148,8,1,13
BRDA:194,9,0,4
BRDA:194,9,1,0
BRDA:205,10,0,0
BRDA:205,10,1,69
BRF:20
BRH:14
end_of_record
TN:
SF:/home/oed/code/uport-identity/contracts/libs/ArrayLib.sol
FN:5,findAddress
FN:14,removeAddress
FNF:2
FNH:1
FNDA:0,findAddress
FNDA:10,removeAddress
DA:6,0
DA:7,0
DA:8,0
DA:11,0
DA:15,10
DA:16,10
DA:17,10
DA:18,10
LF:8
LH:4
BRDA:7,1,0,0
BRDA:7,1,1,0
BRF:2
BRH:0
end_of_record
TN:
SF:/home/oed/code/uport-identity/contracts/libs/Owned.sol
FN:6,onlyOwner
FN:13,Owned
FN:15,isOwner
FN:17,transfer
FNF:4
FNH:4
FNDA:45,onlyOwner
FNDA:108,Owned
FNDA:50,isOwner
FNDA:15,transfer
DA:7,45
DA:8,3
DA:10,42
DA:18,15
DA:19,14
LF:5
LH:5
BRDA:7,1,0,3
BRDA:7,1,1,42
BRDA:18,2,0,14
BRDA:18,2,1,1
BRF:4
BRH:4
end_of_record
TN:
SF:/home/oed/code/uport-identity/contracts/misc/MetaTestRegistry.sol
FN:9,register
FN:13,reallyLongFunctionName
FN:17,testThrow
FNF:3
FNH:2
FNDA:102,register
FNDA:0,reallyLongFunctionName
FNDA:1,testThrow
DA:10,102
DA:14,0
DA:18,1
LF:3
LH:2
BRF:0
BRH:0
end_of_record
TN:
SF:/home/oed/code/uport-identity/contracts/misc/Migrations.sol
FN:7,restricted
FN:11,Migrations
FN:15,setCompleted
FN:19,upgrade
FNF:4
FNH:3
FNDA:3,restricted
FNDA:1,Migrations
FNDA:3,setCompleted
FNDA:0,upgrade
DA:8,3
DA:12,1
DA:16,3
DA:20,0
DA:21,0
LF:5
LH:3
BRDA:8,1,0,3
BRDA:8,1,1,0
BRF:2
BRH:1
end_of_record
TN:
SF:/home/oed/code/uport-identity/contracts/misc/TestRegistry.sol
FN:9,register
FN:13,reallyLongFunctionName
FN:22,testThrow
FNF:3
FNH:3
FNDA:17,register
FNDA:1,reallyLongFunctionName
FNDA:1,testThrow
DA:10,17
DA:19,1
DA:23,1
LF:3
LH:3
BRF:0
BRH:0
end_of_record
TN:
SF:/home/oed/code/uport-identity/contracts/Proxy.sol
FN:9,
FN:11,forward
FNF:2
FNH:2
FNDA:1,
FNDA:27,forward
DA:12,27
DA:13,4
DA:15,23
LF:3
LH:3
BRDA:12,1,0,4
BRDA:12,1,1,23
BRF:2
BRH:2
end_of_record
TN:
SF:/home/oed/code/uport-identity/contracts/RecoverableController.sol
FN:25,onlyUserKey
FN:28,onlyRecoveryKey
FN:32,RecoverableController
FN:41,forward
FN:46,signRecoveryChange
FN:52,changeRecovery
FN:60,signControllerChange
FN:66,changeController
FN:74,signUserKeyChange
FN:80,changeUserKey
FN:88,changeRecoveryFromRecovery
FN:90,changeUserKeyFromRecovery
FNF:12
FNH:12
FNDA:8,onlyUserKey
FNDA:15,onlyRecoveryKey
FNDA:10,RecoverableController
FNDA:1,forward
FNDA:1,signRecoveryChange
FNDA:2,changeRecovery
FNDA:1,signControllerChange
FNDA:2,changeController
FNDA:1,signUserKeyChange
FNDA:2,changeUserKey
FNDA:9,changeRecoveryFromRecovery
FNDA:4,changeUserKeyFromRecovery
DA:26,8
DA:29,15
DA:33,10
DA:34,10
DA:35,10
DA:36,10
DA:37,10
DA:38,10
DA:42,1
DA:47,1
DA:48,1
DA:49,1
DA:53,2
DA:54,1
DA:55,1
DA:61,1
DA:62,1
DA:63,1
DA:67,2
DA:68,1
DA:69,1
DA:75,1
DA:76,1
DA:77,1
DA:81,2
DA:82,1
DA:83,1
DA:84,1
DA:91,4
DA:92,4
LF:30
LH:30
BRDA:26,1,0,4
BRDA:26,1,1,4
BRDA:29,2,0,13
BRDA:29,2,1,2
BRDA:53,3,0,1
BRDA:53,3,1,1
BRDA:67,4,0,1
BRDA:67,4,1,1
BRDA:81,5,0,1
BRDA:81,5,1,1
BRF:10
BRH:10
end_of_record
TN:
SF:/home/oed/code/uport-identity/contracts/RecoveryQuorum.sol
FN:21,onlyUserKey
FN:25,RecoveryQuorum
FN:40,signUserChange
FN:48,changeUserKey
FN:61,replaceDelegates
FN:72,collectedSignatures
FN:81,getAddresses
FN:85,neededSignatures
FN:95,addDelegate
FN:107,removeDelegate
FN:118,garbageCollect
FN:130,delegateRecordExists
FN:134,delegateIsDeleted
FN:138,delegateIsCurrent
FN:142,delegateHasValidSignature
FNF:15
FNH:15
FNDA:15,onlyUserKey
FNDA:7,RecoveryQuorum
FNDA:38,signUserChange
FNDA:39,changeUserKey
FNDA:14,replaceDelegates
FNDA:48,collectedSignatures
FNDA:13,getAddresses
FNDA:39,neededSignatures
FNDA:42,addDelegate
FNDA:11,removeDelegate
FNDA:14,garbageCollect
FNDA:1106,delegateRecordExists
FNDA:1086,delegateIsDeleted
FNDA:1026,delegateIsCurrent
FNDA:533,delegateHasValidSignature
DA:22,15
DA:26,7
DA:27,7
DA:28,48
DA:29,1
DA:31,47
DA:32,47
DA:41,38
DA:42,37
DA:43,37
DA:44,37
DA:49,39
DA:50,3
DA:51,3
DA:53,34
DA:54,14
DA:56,34
DA:62,14
DA:63,11
DA:65,14
DA:66,14
DA:67,42
DA:69,14
DA:73,48
DA:74,533
DA:76,59
DA:82,13
DA:87,39
DA:88,493
DA:89,279
DA:92,39
DA:96,42
DA:98,36
DA:103,36
DA:108,11
DA:110,11
DA:111,4
DA:113,7
DA:119,14
DA:120,14
DA:121,60
DA:122,10
DA:123,10
DA:125,50
DA:131,1106
DA:139,1026
DA:143,533
LF:47
LH:47
BRDA:22,1,0,14
BRDA:22,1,1,1
BRDA:28,2,0,1
BRDA:28,2,1,47
BRDA:41,3,0,37
BRDA:41,3,1,1
BRDA:49,4,0,3
BRDA:49,4,1,36
BRDA:53,5,0,14
BRDA:53,5,1,20
BRDA:74,6,0,59
BRDA:74,6,1,474
BRDA:88,7,0,279
BRDA:88,7,1,214
BRDA:96,8,0,36
BRDA:96,8,1,6
BRDA:108,9,0,11
BRDA:108,9,1,0
BRDA:110,10,0,4
BRDA:110,10,1,7
BRDA:121,11,0,10
BRDA:121,11,1,50
BRF:22
BRH:21
end_of_record
TN:
SF:/home/oed/code/uport-identity/contracts/TxRelay.sol
FN:20,relayMetaTx
FN:43,getAddress
FN:58,getNonce
FNF:3
FNH:3
FNDA:170,relayMetaTx
FNDA:190,getAddress
FNDA:177,getNonce
DA:23,170
DA:25,170
DA:26,170
DA:28,170
DA:30,170
DA:32,167
DA:44,190
DA:45,189
DA:59,177
LF:9
LH:9
BRDA:30,1,0,3
BRDA:30,1,1,167
BRDA:32,2,0,19
BRDA:32,2,1,148
BRDA:44,3,0,1
BRDA:44,3,1,189
BRF:6
BRH:6
end_of_record
